<?xml version="1.0" encoding="UTF-8"?>
<!-- Generated by org.testng.reporters.JUnitReportReporter -->
<testsuite hostname="Alfins-MacBook-Pro.local" failures="0" tests="3" name="apitest.TestLoginApi" time="3.507" errors="0" timestamp="2021-06-13T23:25:53 EDT" skipped="0">
  <testcase classname="apitest.TestLoginApi" name="verifyUnauthorisedLogin" time="1.141"/>
  <system-out/>
  <testcase classname="apitest.TestLoginApi" name="verifyInternalServerError" time="1.493"/>
  <system-out/>
  <testcase classname="apitest.TestLoginApi" name="verifyValidLoginTest" time="0.873"/>
  <system-out/>
</testsuite> <!-- apitest.TestLoginApi -->
