<?xml version="1.0" encoding="UTF-8"?>
<!-- Generated by org.testng.reporters.JUnitReportReporter -->
<testsuite hostname="Alfins-MacBook-Pro.local" failures="0" tests="1" name="uitest.OfferPageTest" time="16.256" errors="0" timestamp="2021-06-13T23:25:53 EDT" skipped="0">
  <testcase classname="uitest.OfferPageTest" name="openBrowserTest" time="16.256"/>
  <system-out/>
</testsuite> <!-- uitest.OfferPageTest -->
